<?xml version="1.0" encoding="UTF-8"?>
<!-- Generated by org.testng.reporters.JUnitReportReporter -->
<testsuite skipped="0" hostname="DESKTOP-KQCUJV6" name="test.GoogleHomeTest" tests="2" failures="0" timestamp="23 Dec 2018 08:57:38 GMT" time="4.363" errors="0">
  <testcase name="searchTestGoogleHomePage" time="4.241" classname="test.GoogleHomeTest"/>
  <testcase name="checkResultingPage" time="0.122" classname="test.GoogleHomeTest"/>
</testsuite> <!-- test.GoogleHomeTest -->
