<?xml version="1.0" encoding="UTF-8"?>
<!-- Generated by org.testng.reporters.JUnitReportReporter -->
<testsuite skipped="0" hostname="DESKTOP-KQCUJV6" name="test.GoogleResultsTest" tests="1" failures="0" timestamp="23 Dec 2018 12:11:34 GMT" time="4.401" errors="0">
  <testcase name="searchTestGoogleHomePage" time="4.401" classname="test.GoogleResultsTest"/>
</testsuite> <!-- test.GoogleResultsTest -->
